<?xml version="1.0" encoding="UTF-8"?>
<testng-results skipped="0" failed="0" ignored="0" total="1" passed="1">
  <reporter-output>
  </reporter-output>
  <suite name="Default suite" duration-ms="320068" started-at="2022-05-17T13:16:52Z" finished-at="2022-05-17T13:22:12Z">
    <groups>
      <group name="cucumber">
        <method signature="AbstractTestNGCucumberTests.feature(cucumber.api.testng.CucumberFeatureWrapper)[pri:0, instance:com.movie.demo.runner.TestRunner@2b6856dd]" name="feature" class="cucumber.api.testng.AbstractTestNGCucumberTests"/>
      </group> <!-- cucumber -->
    </groups>
    <test name="Default test" duration-ms="320068" started-at="2022-05-17T13:16:52Z" finished-at="2022-05-17T13:22:12Z">
      <class name="com.movie.demo.runner.TestRunner">
        <test-method status="PASS" signature="setUpClass()[pri:0, instance:com.movie.demo.runner.TestRunner@2b6856dd]" name="setUpClass" is-config="true" duration-ms="456" started-at="2022-05-17T13:16:52Z" finished-at="2022-05-17T13:16:53Z">
          <reporter-output>
          </reporter-output>
        </test-method> <!-- setUpClass -->
        <test-method status="PASS" signature="feature(cucumber.api.testng.CucumberFeatureWrapper)[pri:0, instance:com.movie.demo.runner.TestRunner@2b6856dd]" name="feature" duration-ms="319291" started-at="2022-05-17T13:16:53Z" description="Runs Cucumber Feature" data-provider="features" finished-at="2022-05-17T13:22:12Z">
          <params>
            <param index="0">
              <value>
                <![CDATA[To validate country name and release date of a movie]]>
              </value>
            </param>
          </params>
          <reporter-output>
          </reporter-output>
        </test-method> <!-- feature -->
        <test-method status="PASS" signature="tearDownClass()[pri:0, instance:com.movie.demo.runner.TestRunner@2b6856dd]" name="tearDownClass" is-config="true" duration-ms="73" started-at="2022-05-17T13:22:12Z" finished-at="2022-05-17T13:22:12Z">
          <reporter-output>
          </reporter-output>
        </test-method> <!-- tearDownClass -->
      </class> <!-- com.movie.demo.runner.TestRunner -->
    </test> <!-- Default test -->
  </suite> <!-- Default suite -->
</testng-results>
